The system is: Linux - 3.0.0-24-generic - x86_64
Compiling the C compiler identification source file "CMakeCCompilerId.c" succeeded.
Compiler: /usr/bin/gcc 
Build flags: 
Id flags: 

The output was:
0


Compilation of the C compiler identification source "CMakeCCompilerId.c" produced "a.out"

The C compiler identification is GNU, found in "/home/ni/ros_overlays/zzz_packages/libsiftfast/libsiftfast_svn/build/CMakeFiles/CompilerIdC/a.out"

Compiling the CXX compiler identification source file "CMakeCXXCompilerId.cpp" succeeded.
Compiler: /usr/bin/c++ 
Build flags: 
Id flags: 

The output was:
0


Compilation of the CXX compiler identification source "CMakeCXXCompilerId.cpp" produced "a.out"

The CXX compiler identification is GNU, found in "/home/ni/ros_overlays/zzz_packages/libsiftfast/libsiftfast_svn/build/CMakeFiles/CompilerIdCXX/a.out"

Determining if the C compiler works passed with the following output:
Change Dir: /home/ni/ros_overlays/zzz_packages/libsiftfast/libsiftfast_svn/build/CMakeFiles/CMakeTmp

Run Build Command:/usr/bin/make "cmTryCompileExec/fast"
make[1]: Entering directory `/home/ni/ros_overlays/zzz_packages/libsiftfast/libsiftfast_svn/build/CMakeFiles/CMakeTmp'
/usr/bin/make -f CMakeFiles/cmTryCompileExec.dir/build.make CMakeFiles/cmTryCompileExec.dir/build
make[2]: Entering directory `/home/ni/ros_overlays/zzz_packages/libsiftfast/libsiftfast_svn/build/CMakeFiles/CMakeTmp'
/usr/bin/cmake -E cmake_progress_report /home/ni/ros_overlays/zzz_packages/libsiftfast/libsiftfast_svn/build/CMakeFiles/CMakeTmp/CMakeFiles 1
Building C object CMakeFiles/cmTryCompileExec.dir/testCCompiler.c.o
/usr/bin/gcc    -o CMakeFiles/cmTryCompileExec.dir/testCCompiler.c.o   -c /home/ni/ros_overlays/zzz_packages/libsiftfast/libsiftfast_svn/build/CMakeFiles/CMakeTmp/testCCompiler.c
Linking C executable cmTryCompileExec
/usr/bin/cmake -E cmake_link_script CMakeFiles/cmTryCompileExec.dir/link.txt --verbose=1
/usr/bin/gcc         CMakeFiles/cmTryCompileExec.dir/testCCompiler.c.o  -o cmTryCompileExec -rdynamic 
make[2]: Leaving directory `/home/ni/ros_overlays/zzz_packages/libsiftfast/libsiftfast_svn/build/CMakeFiles/CMakeTmp'
make[1]: Leaving directory `/home/ni/ros_overlays/zzz_packages/libsiftfast/libsiftfast_svn/build/CMakeFiles/CMakeTmp'


Detecting C compiler ABI info compiled with the following output:
Change Dir: /home/ni/ros_overlays/zzz_packages/libsiftfast/libsiftfast_svn/build/CMakeFiles/CMakeTmp

Run Build Command:/usr/bin/make "cmTryCompileExec/fast"
make[1]: Entering directory `/home/ni/ros_overlays/zzz_packages/libsiftfast/libsiftfast_svn/build/CMakeFiles/CMakeTmp'
/usr/bin/make -f CMakeFiles/cmTryCompileExec.dir/build.make CMakeFiles/cmTryCompileExec.dir/build
make[2]: Entering directory `/home/ni/ros_overlays/zzz_packages/libsiftfast/libsiftfast_svn/build/CMakeFiles/CMakeTmp'
/usr/bin/cmake -E cmake_progress_report /home/ni/ros_overlays/zzz_packages/libsiftfast/libsiftfast_svn/build/CMakeFiles/CMakeTmp/CMakeFiles 1
Building C object CMakeFiles/cmTryCompileExec.dir/CMakeCCompilerABI.c.o
/usr/bin/gcc    -o CMakeFiles/cmTryCompileExec.dir/CMakeCCompilerABI.c.o   -c /usr/share/cmake-2.8/Modules/CMakeCCompilerABI.c
Linking C executable cmTryCompileExec
/usr/bin/cmake -E cmake_link_script CMakeFiles/cmTryCompileExec.dir/link.txt --verbose=1
/usr/bin/gcc       -v CMakeFiles/cmTryCompileExec.dir/CMakeCCompilerABI.c.o  -o cmTryCompileExec -rdynamic  
Using built-in specs.
COLLECT_GCC=/usr/bin/gcc
COLLECT_LTO_WRAPPER=/usr/lib/gcc/x86_64-linux-gnu/4.6.1/lto-wrapper
Target: x86_64-linux-gnu
Configured with: ../src/configure -v --with-pkgversion='Ubuntu/Linaro 4.6.1-9ubuntu3' --with-bugurl=file:///usr/share/doc/gcc-4.6/README.Bugs --enable-languages=c,c++,fortran,objc,obj-c++,go --prefix=/usr --program-suffix=-4.6 --enable-shared --enable-linker-build-id --with-system-zlib --libexecdir=/usr/lib --without-included-gettext --enable-threads=posix --with-gxx-include-dir=/usr/include/c++/4.6 --libdir=/usr/lib --enable-nls --with-sysroot=/ --enable-clocale=gnu --enable-libstdcxx-debug --enable-libstdcxx-time=yes --enable-plugin --enable-objc-gc --disable-werror --with-arch-32=i686 --with-tune=generic --enable-checking=release --build=x86_64-linux-gnu --host=x86_64-linux-gnu --target=x86_64-linux-gnu
Thread model: posix
gcc version 4.6.1 (Ubuntu/Linaro 4.6.1-9ubuntu3) 
COMPILER_PATH=/usr/lib/gcc/x86_64-linux-gnu/4.6.1/:/usr/lib/gcc/x86_64-linux-gnu/4.6.1/:/usr/lib/gcc/x86_64-linux-gnu/:/usr/lib/gcc/x86_64-linux-gnu/4.6.1/:/usr/lib/gcc/x86_64-linux-gnu/
LIBRARY_PATH=/usr/lib/gcc/x86_64-linux-gnu/4.6.1/:/usr/lib/gcc/x86_64-linux-gnu/4.6.1/../../../x86_64-linux-gnu/:/usr/lib/gcc/x86_64-linux-gnu/4.6.1/../../../../lib/:/lib/x86_64-linux-gnu/:/lib/../lib/:/usr/lib/x86_64-linux-gnu/:/usr/lib/../lib/:/usr/lib/gcc/x86_64-linux-gnu/4.6.1/../../../:/lib/:/usr/lib/
COLLECT_GCC_OPTIONS='-v' '-o' 'cmTryCompileExec' '-rdynamic' '-mtune=generic' '-march=x86-64'
 /usr/lib/gcc/x86_64-linux-gnu/4.6.1/collect2 --build-id --no-add-needed --as-needed --eh-frame-hdr -m elf_x86_64 --hash-style=gnu -export-dynamic -dynamic-linker /lib64/ld-linux-x86-64.so.2 -z relro -o cmTryCompileExec /usr/lib/gcc/x86_64-linux-gnu/4.6.1/../../../x86_64-linux-gnu/crt1.o /usr/lib/gcc/x86_64-linux-gnu/4.6.1/../../../x86_64-linux-gnu/crti.o /usr/lib/gcc/x86_64-linux-gnu/4.6.1/crtbegin.o -L/usr/lib/gcc/x86_64-linux-gnu/4.6.1 -L/usr/lib/gcc/x86_64-linux-gnu/4.6.1/../../../x86_64-linux-gnu -L/usr/lib/gcc/x86_64-linux-gnu/4.6.1/../../../../lib -L/lib/x86_64-linux-gnu -L/lib/../lib -L/usr/lib/x86_64-linux-gnu -L/usr/lib/../lib -L/usr/lib/gcc/x86_64-linux-gnu/4.6.1/../../.. CMakeFiles/cmTryCompileExec.dir/CMakeCCompilerABI.c.o -lgcc --as-needed -lgcc_s --no-as-needed -lc -lgcc --as-needed -lgcc_s --no-as-needed /usr/lib/gcc/x86_64-linux-gnu/4.6.1/crtend.o /usr/lib/gcc/x86_64-linux-gnu/4.6.1/../../../x86_64-linux-gnu/crtn.o
make[2]: Leaving directory `/home/ni/ros_overlays/zzz_packages/libsiftfast/libsiftfast_svn/build/CMakeFiles/CMakeTmp'
make[1]: Leaving directory `/home/ni/ros_overlays/zzz_packages/libsiftfast/libsiftfast_svn/build/CMakeFiles/CMakeTmp'


Parsed C implicit link information from above output:
  link line regex: [^( *|.*[/\])(ld|ld|collect2)[^/\]*( |$)]
  ignore line: [Change Dir: /home/ni/ros_overlays/zzz_packages/libsiftfast/libsiftfast_svn/build/CMakeFiles/CMakeTmp]
  ignore line: []
  ignore line: [Run Build Command:/usr/bin/make "cmTryCompileExec/fast"]
  ignore line: [make[1]: Entering directory `/home/ni/ros_overlays/zzz_packages/libsiftfast/libsiftfast_svn/build/CMakeFiles/CMakeTmp']
  ignore line: [/usr/bin/make -f CMakeFiles/cmTryCompileExec.dir/build.make CMakeFiles/cmTryCompileExec.dir/build]
  ignore line: [make[2]: Entering directory `/home/ni/ros_overlays/zzz_packages/libsiftfast/libsiftfast_svn/build/CMakeFiles/CMakeTmp']
  ignore line: [/usr/bin/cmake -E cmake_progress_report /home/ni/ros_overlays/zzz_packages/libsiftfast/libsiftfast_svn/build/CMakeFiles/CMakeTmp/CMakeFiles 1]
  ignore line: [Building C object CMakeFiles/cmTryCompileExec.dir/CMakeCCompilerABI.c.o]
  ignore line: [/usr/bin/gcc    -o CMakeFiles/cmTryCompileExec.dir/CMakeCCompilerABI.c.o   -c /usr/share/cmake-2.8/Modules/CMakeCCompilerABI.c]
  ignore line: [Linking C executable cmTryCompileExec]
  ignore line: [/usr/bin/cmake -E cmake_link_script CMakeFiles/cmTryCompileExec.dir/link.txt --verbose=1]
  ignore line: [/usr/bin/gcc       -v CMakeFiles/cmTryCompileExec.dir/CMakeCCompilerABI.c.o  -o cmTryCompileExec -rdynamic  ]
  ignore line: [Using built-in specs.]
  ignore line: [COLLECT_GCC=/usr/bin/gcc]
  ignore line: [COLLECT_LTO_WRAPPER=/usr/lib/gcc/x86_64-linux-gnu/4.6.1/lto-wrapper]
  ignore line: [Target: x86_64-linux-gnu]
  ignore line: [Configured with: ../src/configure -v --with-pkgversion='Ubuntu/Linaro 4.6.1-9ubuntu3' --with-bugurl=file:///usr/share/doc/gcc-4.6/README.Bugs --enable-languages=c,c++,fortran,objc,obj-c++,go --prefix=/usr --program-suffix=-4.6 --enable-shared --enable-linker-build-id --with-system-zlib --libexecdir=/usr/lib --without-included-gettext --enable-threads=posix --with-gxx-include-dir=/usr/include/c++/4.6 --libdir=/usr/lib --enable-nls --with-sysroot=/ --enable-clocale=gnu --enable-libstdcxx-debug --enable-libstdcxx-time=yes --enable-plugin --enable-objc-gc --disable-werror --with-arch-32=i686 --with-tune=generic --enable-checking=release --build=x86_64-linux-gnu --host=x86_64-linux-gnu --target=x86_64-linux-gnu]
  ignore line: [Thread model: posix]
  ignore line: [gcc version 4.6.1 (Ubuntu/Linaro 4.6.1-9ubuntu3) ]
  ignore line: [COMPILER_PATH=/usr/lib/gcc/x86_64-linux-gnu/4.6.1/:/usr/lib/gcc/x86_64-linux-gnu/4.6.1/:/usr/lib/gcc/x86_64-linux-gnu/:/usr/lib/gcc/x86_64-linux-gnu/4.6.1/:/usr/lib/gcc/x86_64-linux-gnu/]
  ignore line: [LIBRARY_PATH=/usr/lib/gcc/x86_64-linux-gnu/4.6.1/:/usr/lib/gcc/x86_64-linux-gnu/4.6.1/../../../x86_64-linux-gnu/:/usr/lib/gcc/x86_64-linux-gnu/4.6.1/../../../../lib/:/lib/x86_64-linux-gnu/:/lib/../lib/:/usr/lib/x86_64-linux-gnu/:/usr/lib/../lib/:/usr/lib/gcc/x86_64-linux-gnu/4.6.1/../../../:/lib/:/usr/lib/]
  ignore line: [COLLECT_GCC_OPTIONS='-v' '-o' 'cmTryCompileExec' '-rdynamic' '-mtune=generic' '-march=x86-64']
  link line: [ /usr/lib/gcc/x86_64-linux-gnu/4.6.1/collect2 --build-id --no-add-needed --as-needed --eh-frame-hdr -m elf_x86_64 --hash-style=gnu -export-dynamic -dynamic-linker /lib64/ld-linux-x86-64.so.2 -z relro -o cmTryCompileExec /usr/lib/gcc/x86_64-linux-gnu/4.6.1/../../../x86_64-linux-gnu/crt1.o /usr/lib/gcc/x86_64-linux-gnu/4.6.1/../../../x86_64-linux-gnu/crti.o /usr/lib/gcc/x86_64-linux-gnu/4.6.1/crtbegin.o -L/usr/lib/gcc/x86_64-linux-gnu/4.6.1 -L/usr/lib/gcc/x86_64-linux-gnu/4.6.1/../../../x86_64-linux-gnu -L/usr/lib/gcc/x86_64-linux-gnu/4.6.1/../../../../lib -L/lib/x86_64-linux-gnu -L/lib/../lib -L/usr/lib/x86_64-linux-gnu -L/usr/lib/../lib -L/usr/lib/gcc/x86_64-linux-gnu/4.6.1/../../.. CMakeFiles/cmTryCompileExec.dir/CMakeCCompilerABI.c.o -lgcc --as-needed -lgcc_s --no-as-needed -lc -lgcc --as-needed -lgcc_s --no-as-needed /usr/lib/gcc/x86_64-linux-gnu/4.6.1/crtend.o /usr/lib/gcc/x86_64-linux-gnu/4.6.1/../../../x86_64-linux-gnu/crtn.o]
    arg [/usr/lib/gcc/x86_64-linux-gnu/4.6.1/collect2] ==> ignore
    arg [--build-id] ==> ignore
    arg [--no-add-needed] ==> ignore
    arg [--as-needed] ==> ignore
    arg [--eh-frame-hdr] ==> ignore
    arg [-m] ==> ignore
    arg [elf_x86_64] ==> ignore
    arg [--hash-style=gnu] ==> ignore
    arg [-export-dynamic] ==> ignore
    arg [-dynamic-linker] ==> ignore
    arg [/lib64/ld-linux-x86-64.so.2] ==> ignore
    arg [-zrelro] ==> ignore
    arg [-o] ==> ignore
    arg [cmTryCompileExec] ==> ignore
    arg [/usr/lib/gcc/x86_64-linux-gnu/4.6.1/../../../x86_64-linux-gnu/crt1.o] ==> ignore
    arg [/usr/lib/gcc/x86_64-linux-gnu/4.6.1/../../../x86_64-linux-gnu/crti.o] ==> ignore
    arg [/usr/lib/gcc/x86_64-linux-gnu/4.6.1/crtbegin.o] ==> ignore
    arg [-L/usr/lib/gcc/x86_64-linux-gnu/4.6.1] ==> dir [/usr/lib/gcc/x86_64-linux-gnu/4.6.1]
    arg [-L/usr/lib/gcc/x86_64-linux-gnu/4.6.1/../../../x86_64-linux-gnu] ==> dir [/usr/lib/gcc/x86_64-linux-gnu/4.6.1/../../../x86_64-linux-gnu]
    arg [-L/usr/lib/gcc/x86_64-linux-gnu/4.6.1/../../../../lib] ==> dir [/usr/lib/gcc/x86_64-linux-gnu/4.6.1/../../../../lib]
    arg [-L/lib/x86_64-linux-gnu] ==> dir [/lib/x86_64-linux-gnu]
    arg [-L/lib/../lib] ==> dir [/lib/../lib]
    arg [-L/usr/lib/x86_64-linux-gnu] ==> dir [/usr/lib/x86_64-linux-gnu]
    arg [-L/usr/lib/../lib] ==> dir [/usr/lib/../lib]
    arg [-L/usr/lib/gcc/x86_64-linux-gnu/4.6.1/../../..] ==> dir [/usr/lib/gcc/x86_64-linux-gnu/4.6.1/../../..]
    arg [CMakeFiles/cmTryCompileExec.dir/CMakeCCompilerABI.c.o] ==> ignore
    arg [-lgcc] ==> lib [gcc]
    arg [--as-needed] ==> ignore
    arg [-lgcc_s] ==> lib [gcc_s]
    arg [--no-as-needed] ==> ignore
    arg [-lc] ==> lib [c]
    arg [-lgcc] ==> lib [gcc]
    arg [--as-needed] ==> ignore
    arg [-lgcc_s] ==> lib [gcc_s]
    arg [--no-as-needed] ==> ignore
    arg [/usr/lib/gcc/x86_64-linux-gnu/4.6.1/crtend.o] ==> ignore
    arg [/usr/lib/gcc/x86_64-linux-gnu/4.6.1/../../../x86_64-linux-gnu/crtn.o] ==> ignore
  remove lib [gcc]
  remove lib [gcc_s]
  remove lib [gcc]
  remove lib [gcc_s]
  collapse dir [/usr/lib/gcc/x86_64-linux-gnu/4.6.1] ==> [/usr/lib/gcc/x86_64-linux-gnu/4.6.1]
  collapse dir [/usr/lib/gcc/x86_64-linux-gnu/4.6.1/../../../x86_64-linux-gnu] ==> [/usr/lib/x86_64-linux-gnu]
  collapse dir [/usr/lib/gcc/x86_64-linux-gnu/4.6.1/../../../../lib] ==> [/usr/lib]
  collapse dir [/lib/x86_64-linux-gnu] ==> [/lib/x86_64-linux-gnu]
  collapse dir [/lib/../lib] ==> [/lib]
  collapse dir [/usr/lib/x86_64-linux-gnu] ==> [/usr/lib/x86_64-linux-gnu]
  collapse dir [/usr/lib/../lib] ==> [/usr/lib]
  collapse dir [/usr/lib/gcc/x86_64-linux-gnu/4.6.1/../../..] ==> [/usr/lib]
  implicit libs: [c]
  implicit dirs: [/usr/lib/gcc/x86_64-linux-gnu/4.6.1;/usr/lib/x86_64-linux-gnu;/usr/lib;/lib/x86_64-linux-gnu;/lib]


Determining if the CXX compiler works passed with the following output:
Change Dir: /home/ni/ros_overlays/zzz_packages/libsiftfast/libsiftfast_svn/build/CMakeFiles/CMakeTmp

Run Build Command:/usr/bin/make "cmTryCompileExec/fast"
make[1]: Entering directory `/home/ni/ros_overlays/zzz_packages/libsiftfast/libsiftfast_svn/build/CMakeFiles/CMakeTmp'
/usr/bin/make -f CMakeFiles/cmTryCompileExec.dir/build.make CMakeFiles/cmTryCompileExec.dir/build
make[2]: Entering directory `/home/ni/ros_overlays/zzz_packages/libsiftfast/libsiftfast_svn/build/CMakeFiles/CMakeTmp'
/usr/bin/cmake -E cmake_progress_report /home/ni/ros_overlays/zzz_packages/libsiftfast/libsiftfast_svn/build/CMakeFiles/CMakeTmp/CMakeFiles 1
Building CXX object CMakeFiles/cmTryCompileExec.dir/testCXXCompiler.cxx.o
/usr/bin/c++     -o CMakeFiles/cmTryCompileExec.dir/testCXXCompiler.cxx.o -c /home/ni/ros_overlays/zzz_packages/libsiftfast/libsiftfast_svn/build/CMakeFiles/CMakeTmp/testCXXCompiler.cxx
Linking CXX executable cmTryCompileExec
/usr/bin/cmake -E cmake_link_script CMakeFiles/cmTryCompileExec.dir/link.txt --verbose=1
/usr/bin/c++          CMakeFiles/cmTryCompileExec.dir/testCXXCompiler.cxx.o  -o cmTryCompileExec -rdynamic 
make[2]: Leaving directory `/home/ni/ros_overlays/zzz_packages/libsiftfast/libsiftfast_svn/build/CMakeFiles/CMakeTmp'
make[1]: Leaving directory `/home/ni/ros_overlays/zzz_packages/libsiftfast/libsiftfast_svn/build/CMakeFiles/CMakeTmp'


Detecting CXX compiler ABI info compiled with the following output:
Change Dir: /home/ni/ros_overlays/zzz_packages/libsiftfast/libsiftfast_svn/build/CMakeFiles/CMakeTmp

Run Build Command:/usr/bin/make "cmTryCompileExec/fast"
make[1]: Entering directory `/home/ni/ros_overlays/zzz_packages/libsiftfast/libsiftfast_svn/build/CMakeFiles/CMakeTmp'
/usr/bin/make -f CMakeFiles/cmTryCompileExec.dir/build.make CMakeFiles/cmTryCompileExec.dir/build
make[2]: Entering directory `/home/ni/ros_overlays/zzz_packages/libsiftfast/libsiftfast_svn/build/CMakeFiles/CMakeTmp'
/usr/bin/cmake -E cmake_progress_report /home/ni/ros_overlays/zzz_packages/libsiftfast/libsiftfast_svn/build/CMakeFiles/CMakeTmp/CMakeFiles 1
Building CXX object CMakeFiles/cmTryCompileExec.dir/CMakeCXXCompilerABI.cpp.o
/usr/bin/c++     -o CMakeFiles/cmTryCompileExec.dir/CMakeCXXCompilerABI.cpp.o -c /usr/share/cmake-2.8/Modules/CMakeCXXCompilerABI.cpp
Linking CXX executable cmTryCompileExec
/usr/bin/cmake -E cmake_link_script CMakeFiles/cmTryCompileExec.dir/link.txt --verbose=1
/usr/bin/c++        -v CMakeFiles/cmTryCompileExec.dir/CMakeCXXCompilerABI.cpp.o  -o cmTryCompileExec -rdynamic  
Using built-in specs.
COLLECT_GCC=/usr/bin/c++
COLLECT_LTO_WRAPPER=/usr/lib/gcc/x86_64-linux-gnu/4.6.1/lto-wrapper
Target: x86_64-linux-gnu
Configured with: ../src/configure -v --with-pkgversion='Ubuntu/Linaro 4.6.1-9ubuntu3' --with-bugurl=file:///usr/share/doc/gcc-4.6/README.Bugs --enable-languages=c,c++,fortran,objc,obj-c++,go --prefix=/usr --program-suffix=-4.6 --enable-shared --enable-linker-build-id --with-system-zlib --libexecdir=/usr/lib --without-included-gettext --enable-threads=posix --with-gxx-include-dir=/usr/include/c++/4.6 --libdir=/usr/lib --enable-nls --with-sysroot=/ --enable-clocale=gnu --enable-libstdcxx-debug --enable-libstdcxx-time=yes --enable-plugin --enable-objc-gc --disable-werror --with-arch-32=i686 --with-tune=generic --enable-checking=release --build=x86_64-linux-gnu --host=x86_64-linux-gnu --target=x86_64-linux-gnu
Thread model: posix
gcc version 4.6.1 (Ubuntu/Linaro 4.6.1-9ubuntu3) 
COMPILER_PATH=/usr/lib/gcc/x86_64-linux-gnu/4.6.1/:/usr/lib/gcc/x86_64-linux-gnu/4.6.1/:/usr/lib/gcc/x86_64-linux-gnu/:/usr/lib/gcc/x86_64-linux-gnu/4.6.1/:/usr/lib/gcc/x86_64-linux-gnu/
LIBRARY_PATH=/usr/lib/gcc/x86_64-linux-gnu/4.6.1/:/usr/lib/gcc/x86_64-linux-gnu/4.6.1/../../../x86_64-linux-gnu/:/usr/lib/gcc/x86_64-linux-gnu/4.6.1/../../../../lib/:/lib/x86_64-linux-gnu/:/lib/../lib/:/usr/lib/x86_64-linux-gnu/:/usr/lib/../lib/:/usr/lib/gcc/x86_64-linux-gnu/4.6.1/../../../:/lib/:/usr/lib/
COLLECT_GCC_OPTIONS='-v' '-o' 'cmTryCompileExec' '-rdynamic' '-shared-libgcc' '-mtune=generic' '-march=x86-64'
 /usr/lib/gcc/x86_64-linux-gnu/4.6.1/collect2 --build-id --no-add-needed --as-needed --eh-frame-hdr -m elf_x86_64 --hash-style=gnu -export-dynamic -dynamic-linker /lib64/ld-linux-x86-64.so.2 -z relro -o cmTryCompileExec /usr/lib/gcc/x86_64-linux-gnu/4.6.1/../../../x86_64-linux-gnu/crt1.o /usr/lib/gcc/x86_64-linux-gnu/4.6.1/../../../x86_64-linux-gnu/crti.o /usr/lib/gcc/x86_64-linux-gnu/4.6.1/crtbegin.o -L/usr/lib/gcc/x86_64-linux-gnu/4.6.1 -L/usr/lib/gcc/x86_64-linux-gnu/4.6.1/../../../x86_64-linux-gnu -L/usr/lib/gcc/x86_64-linux-gnu/4.6.1/../../../../lib -L/lib/x86_64-linux-gnu -L/lib/../lib -L/usr/lib/x86_64-linux-gnu -L/usr/lib/../lib -L/usr/lib/gcc/x86_64-linux-gnu/4.6.1/../../.. CMakeFiles/cmTryCompileExec.dir/CMakeCXXCompilerABI.cpp.o -lstdc++ -lm -lgcc_s -lgcc -lc -lgcc_s -lgcc /usr/lib/gcc/x86_64-linux-gnu/4.6.1/crtend.o /usr/lib/gcc/x86_64-linux-gnu/4.6.1/../../../x86_64-linux-gnu/crtn.o
make[2]: Leaving directory `/home/ni/ros_overlays/zzz_packages/libsiftfast/libsiftfast_svn/build/CMakeFiles/CMakeTmp'
make[1]: Leaving directory `/home/ni/ros_overlays/zzz_packages/libsiftfast/libsiftfast_svn/build/CMakeFiles/CMakeTmp'


Parsed CXX implicit link information from above output:
  link line regex: [^( *|.*[/\])(ld|ld|collect2)[^/\]*( |$)]
  ignore line: [Change Dir: /home/ni/ros_overlays/zzz_packages/libsiftfast/libsiftfast_svn/build/CMakeFiles/CMakeTmp]
  ignore line: []
  ignore line: [Run Build Command:/usr/bin/make "cmTryCompileExec/fast"]
  ignore line: [make[1]: Entering directory `/home/ni/ros_overlays/zzz_packages/libsiftfast/libsiftfast_svn/build/CMakeFiles/CMakeTmp']
  ignore line: [/usr/bin/make -f CMakeFiles/cmTryCompileExec.dir/build.make CMakeFiles/cmTryCompileExec.dir/build]
  ignore line: [make[2]: Entering directory `/home/ni/ros_overlays/zzz_packages/libsiftfast/libsiftfast_svn/build/CMakeFiles/CMakeTmp']
  ignore line: [/usr/bin/cmake -E cmake_progress_report /home/ni/ros_overlays/zzz_packages/libsiftfast/libsiftfast_svn/build/CMakeFiles/CMakeTmp/CMakeFiles 1]
  ignore line: [Building CXX object CMakeFiles/cmTryCompileExec.dir/CMakeCXXCompilerABI.cpp.o]
  ignore line: [/usr/bin/c++     -o CMakeFiles/cmTryCompileExec.dir/CMakeCXXCompilerABI.cpp.o -c /usr/share/cmake-2.8/Modules/CMakeCXXCompilerABI.cpp]
  ignore line: [Linking CXX executable cmTryCompileExec]
  ignore line: [/usr/bin/cmake -E cmake_link_script CMakeFiles/cmTryCompileExec.dir/link.txt --verbose=1]
  ignore line: [/usr/bin/c++        -v CMakeFiles/cmTryCompileExec.dir/CMakeCXXCompilerABI.cpp.o  -o cmTryCompileExec -rdynamic  ]
  ignore line: [Using built-in specs.]
  ignore line: [COLLECT_GCC=/usr/bin/c++]
  ignore line: [COLLECT_LTO_WRAPPER=/usr/lib/gcc/x86_64-linux-gnu/4.6.1/lto-wrapper]
  ignore line: [Target: x86_64-linux-gnu]
  ignore line: [Configured with: ../src/configure -v --with-pkgversion='Ubuntu/Linaro 4.6.1-9ubuntu3' --with-bugurl=file:///usr/share/doc/gcc-4.6/README.Bugs --enable-languages=c,c++,fortran,objc,obj-c++,go --prefix=/usr --program-suffix=-4.6 --enable-shared --enable-linker-build-id --with-system-zlib --libexecdir=/usr/lib --without-included-gettext --enable-threads=posix --with-gxx-include-dir=/usr/include/c++/4.6 --libdir=/usr/lib --enable-nls --with-sysroot=/ --enable-clocale=gnu --enable-libstdcxx-debug --enable-libstdcxx-time=yes --enable-plugin --enable-objc-gc --disable-werror --with-arch-32=i686 --with-tune=generic --enable-checking=release --build=x86_64-linux-gnu --host=x86_64-linux-gnu --target=x86_64-linux-gnu]
  ignore line: [Thread model: posix]
  ignore line: [gcc version 4.6.1 (Ubuntu/Linaro 4.6.1-9ubuntu3) ]
  ignore line: [COMPILER_PATH=/usr/lib/gcc/x86_64-linux-gnu/4.6.1/:/usr/lib/gcc/x86_64-linux-gnu/4.6.1/:/usr/lib/gcc/x86_64-linux-gnu/:/usr/lib/gcc/x86_64-linux-gnu/4.6.1/:/usr/lib/gcc/x86_64-linux-gnu/]
  ignore line: [LIBRARY_PATH=/usr/lib/gcc/x86_64-linux-gnu/4.6.1/:/usr/lib/gcc/x86_64-linux-gnu/4.6.1/../../../x86_64-linux-gnu/:/usr/lib/gcc/x86_64-linux-gnu/4.6.1/../../../../lib/:/lib/x86_64-linux-gnu/:/lib/../lib/:/usr/lib/x86_64-linux-gnu/:/usr/lib/../lib/:/usr/lib/gcc/x86_64-linux-gnu/4.6.1/../../../:/lib/:/usr/lib/]
  ignore line: [COLLECT_GCC_OPTIONS='-v' '-o' 'cmTryCompileExec' '-rdynamic' '-shared-libgcc' '-mtune=generic' '-march=x86-64']
  link line: [ /usr/lib/gcc/x86_64-linux-gnu/4.6.1/collect2 --build-id --no-add-needed --as-needed --eh-frame-hdr -m elf_x86_64 --hash-style=gnu -export-dynamic -dynamic-linker /lib64/ld-linux-x86-64.so.2 -z relro -o cmTryCompileExec /usr/lib/gcc/x86_64-linux-gnu/4.6.1/../../../x86_64-linux-gnu/crt1.o /usr/lib/gcc/x86_64-linux-gnu/4.6.1/../../../x86_64-linux-gnu/crti.o /usr/lib/gcc/x86_64-linux-gnu/4.6.1/crtbegin.o -L/usr/lib/gcc/x86_64-linux-gnu/4.6.1 -L/usr/lib/gcc/x86_64-linux-gnu/4.6.1/../../../x86_64-linux-gnu -L/usr/lib/gcc/x86_64-linux-gnu/4.6.1/../../../../lib -L/lib/x86_64-linux-gnu -L/lib/../lib -L/usr/lib/x86_64-linux-gnu -L/usr/lib/../lib -L/usr/lib/gcc/x86_64-linux-gnu/4.6.1/../../.. CMakeFiles/cmTryCompileExec.dir/CMakeCXXCompilerABI.cpp.o -lstdc++ -lm -lgcc_s -lgcc -lc -lgcc_s -lgcc /usr/lib/gcc/x86_64-linux-gnu/4.6.1/crtend.o /usr/lib/gcc/x86_64-linux-gnu/4.6.1/../../../x86_64-linux-gnu/crtn.o]
    arg [/usr/lib/gcc/x86_64-linux-gnu/4.6.1/collect2] ==> ignore
    arg [--build-id] ==> ignore
    arg [--no-add-needed] ==> ignore
    arg [--as-needed] ==> ignore
    arg [--eh-frame-hdr] ==> ignore
    arg [-m] ==> ignore
    arg [elf_x86_64] ==> ignore
    arg [--hash-style=gnu] ==> ignore
    arg [-export-dynamic] ==> ignore
    arg [-dynamic-linker] ==> ignore
    arg [/lib64/ld-linux-x86-64.so.2] ==> ignore
    arg [-zrelro] ==> ignore
    arg [-o] ==> ignore
    arg [cmTryCompileExec] ==> ignore
    arg [/usr/lib/gcc/x86_64-linux-gnu/4.6.1/../../../x86_64-linux-gnu/crt1.o] ==> ignore
    arg [/usr/lib/gcc/x86_64-linux-gnu/4.6.1/../../../x86_64-linux-gnu/crti.o] ==> ignore
    arg [/usr/lib/gcc/x86_64-linux-gnu/4.6.1/crtbegin.o] ==> ignore
    arg [-L/usr/lib/gcc/x86_64-linux-gnu/4.6.1] ==> dir [/usr/lib/gcc/x86_64-linux-gnu/4.6.1]
    arg [-L/usr/lib/gcc/x86_64-linux-gnu/4.6.1/../../../x86_64-linux-gnu] ==> dir [/usr/lib/gcc/x86_64-linux-gnu/4.6.1/../../../x86_64-linux-gnu]
    arg [-L/usr/lib/gcc/x86_64-linux-gnu/4.6.1/../../../../lib] ==> dir [/usr/lib/gcc/x86_64-linux-gnu/4.6.1/../../../../lib]
    arg [-L/lib/x86_64-linux-gnu] ==> dir [/lib/x86_64-linux-gnu]
    arg [-L/lib/../lib] ==> dir [/lib/../lib]
    arg [-L/usr/lib/x86_64-linux-gnu] ==> dir [/usr/lib/x86_64-linux-gnu]
    arg [-L/usr/lib/../lib] ==> dir [/usr/lib/../lib]
    arg [-L/usr/lib/gcc/x86_64-linux-gnu/4.6.1/../../..] ==> dir [/usr/lib/gcc/x86_64-linux-gnu/4.6.1/../../..]
    arg [CMakeFiles/cmTryCompileExec.dir/CMakeCXXCompilerABI.cpp.o] ==> ignore
    arg [-lstdc++] ==> lib [stdc++]
    arg [-lm] ==> lib [m]
    arg [-lgcc_s] ==> lib [gcc_s]
    arg [-lgcc] ==> lib [gcc]
    arg [-lc] ==> lib [c]
    arg [-lgcc_s] ==> lib [gcc_s]
    arg [-lgcc] ==> lib [gcc]
    arg [/usr/lib/gcc/x86_64-linux-gnu/4.6.1/crtend.o] ==> ignore
    arg [/usr/lib/gcc/x86_64-linux-gnu/4.6.1/../../../x86_64-linux-gnu/crtn.o] ==> ignore
  remove lib [gcc_s]
  remove lib [gcc]
  remove lib [gcc_s]
  remove lib [gcc]
  collapse dir [/usr/lib/gcc/x86_64-linux-gnu/4.6.1] ==> [/usr/lib/gcc/x86_64-linux-gnu/4.6.1]
  collapse dir [/usr/lib/gcc/x86_64-linux-gnu/4.6.1/../../../x86_64-linux-gnu] ==> [/usr/lib/x86_64-linux-gnu]
  collapse dir [/usr/lib/gcc/x86_64-linux-gnu/4.6.1/../../../../lib] ==> [/usr/lib]
  collapse dir [/lib/x86_64-linux-gnu] ==> [/lib/x86_64-linux-gnu]
  collapse dir [/lib/../lib] ==> [/lib]
  collapse dir [/usr/lib/x86_64-linux-gnu] ==> [/usr/lib/x86_64-linux-gnu]
  collapse dir [/usr/lib/../lib] ==> [/usr/lib]
  collapse dir [/usr/lib/gcc/x86_64-linux-gnu/4.6.1/../../..] ==> [/usr/lib]
  implicit libs: [stdc++;m;c]
  implicit dirs: [/usr/lib/gcc/x86_64-linux-gnu/4.6.1;/usr/lib/x86_64-linux-gnu;/usr/lib;/lib/x86_64-linux-gnu;/lib]


Performing C++ SOURCE FILE Test IS_X86_64 succeded with the following output:
Change Dir: /home/ni/ros_overlays/zzz_packages/libsiftfast/libsiftfast_svn/build/CMakeFiles/CMakeTmp

Run Build Command:/usr/bin/make "cmTryCompileExec/fast"
make[1]: Entering directory `/home/ni/ros_overlays/zzz_packages/libsiftfast/libsiftfast_svn/build/CMakeFiles/CMakeTmp'
/usr/bin/make -f CMakeFiles/cmTryCompileExec.dir/build.make CMakeFiles/cmTryCompileExec.dir/build
make[2]: Entering directory `/home/ni/ros_overlays/zzz_packages/libsiftfast/libsiftfast_svn/build/CMakeFiles/CMakeTmp'
/usr/bin/cmake -E cmake_progress_report /home/ni/ros_overlays/zzz_packages/libsiftfast/libsiftfast_svn/build/CMakeFiles/CMakeTmp/CMakeFiles 1
Building CXX object CMakeFiles/cmTryCompileExec.dir/src.cxx.o
/usr/bin/c++    -DIS_X86_64   -o CMakeFiles/cmTryCompileExec.dir/src.cxx.o -c /home/ni/ros_overlays/zzz_packages/libsiftfast/libsiftfast_svn/build/CMakeFiles/CMakeTmp/src.cxx
Linking CXX executable cmTryCompileExec
/usr/bin/cmake -E cmake_link_script CMakeFiles/cmTryCompileExec.dir/link.txt --verbose=1
/usr/bin/c++      -DIS_X86_64    CMakeFiles/cmTryCompileExec.dir/src.cxx.o  -o cmTryCompileExec -rdynamic 
make[2]: Leaving directory `/home/ni/ros_overlays/zzz_packages/libsiftfast/libsiftfast_svn/build/CMakeFiles/CMakeTmp'
make[1]: Leaving directory `/home/ni/ros_overlays/zzz_packages/libsiftfast/libsiftfast_svn/build/CMakeFiles/CMakeTmp'

Return value: 1
Source file was:

  int main()
  {
    int a = 0;
    int*pa = &a;
    asm(".intel_syntax\n"
	"mov %%rax, %0\n"
    "mov %%eax, [%%rax]\n"
    ".att_syntax\n"
    : : "r"(pa) : "%rax");
    return 0;
  }
Performing C++ SOURCE FILE Test HAS_SSE2_EXTENSIONS succeded with the following output:
Change Dir: /home/ni/ros_overlays/zzz_packages/libsiftfast/libsiftfast_svn/build/CMakeFiles/CMakeTmp

Run Build Command:/usr/bin/make "cmTryCompileExec/fast"
make[1]: Entering directory `/home/ni/ros_overlays/zzz_packages/libsiftfast/libsiftfast_svn/build/CMakeFiles/CMakeTmp'
/usr/bin/make -f CMakeFiles/cmTryCompileExec.dir/build.make CMakeFiles/cmTryCompileExec.dir/build
make[2]: Entering directory `/home/ni/ros_overlays/zzz_packages/libsiftfast/libsiftfast_svn/build/CMakeFiles/CMakeTmp'
/usr/bin/cmake -E cmake_progress_report /home/ni/ros_overlays/zzz_packages/libsiftfast/libsiftfast_svn/build/CMakeFiles/CMakeTmp/CMakeFiles 1
Building CXX object CMakeFiles/cmTryCompileExec.dir/src.cxx.o
/usr/bin/c++    -DHAS_SSE2_EXTENSIONS -msse2   -o CMakeFiles/cmTryCompileExec.dir/src.cxx.o -c /home/ni/ros_overlays/zzz_packages/libsiftfast/libsiftfast_svn/build/CMakeFiles/CMakeTmp/src.cxx
Linking CXX executable cmTryCompileExec
/usr/bin/cmake -E cmake_link_script CMakeFiles/cmTryCompileExec.dir/link.txt --verbose=1
/usr/bin/c++      -DHAS_SSE2_EXTENSIONS -msse2    CMakeFiles/cmTryCompileExec.dir/src.cxx.o  -o cmTryCompileExec -rdynamic 
make[2]: Leaving directory `/home/ni/ros_overlays/zzz_packages/libsiftfast/libsiftfast_svn/build/CMakeFiles/CMakeTmp'
make[1]: Leaving directory `/home/ni/ros_overlays/zzz_packages/libsiftfast/libsiftfast_svn/build/CMakeFiles/CMakeTmp'

Return value: 1
Source file was:

    #include <emmintrin.h>

    int main()
    {
        __m128d a, b;
        double vals[2] = {0};
        a = _mm_loadu_pd(vals);
        b = _mm_add_pd(a,a);
        _mm_storeu_pd(vals,b);
        return 0;
     }
Performing C++ SOURCE FILE Test HAS_SSE_EXTENSIONS succeded with the following output:
Change Dir: /home/ni/ros_overlays/zzz_packages/libsiftfast/libsiftfast_svn/build/CMakeFiles/CMakeTmp

Run Build Command:/usr/bin/make "cmTryCompileExec/fast"
make[1]: Entering directory `/home/ni/ros_overlays/zzz_packages/libsiftfast/libsiftfast_svn/build/CMakeFiles/CMakeTmp'
/usr/bin/make -f CMakeFiles/cmTryCompileExec.dir/build.make CMakeFiles/cmTryCompileExec.dir/build
make[2]: Entering directory `/home/ni/ros_overlays/zzz_packages/libsiftfast/libsiftfast_svn/build/CMakeFiles/CMakeTmp'
/usr/bin/cmake -E cmake_progress_report /home/ni/ros_overlays/zzz_packages/libsiftfast/libsiftfast_svn/build/CMakeFiles/CMakeTmp/CMakeFiles 1
Building CXX object CMakeFiles/cmTryCompileExec.dir/src.cxx.o
/usr/bin/c++    -DHAS_SSE_EXTENSIONS -msse   -o CMakeFiles/cmTryCompileExec.dir/src.cxx.o -c /home/ni/ros_overlays/zzz_packages/libsiftfast/libsiftfast_svn/build/CMakeFiles/CMakeTmp/src.cxx
Linking CXX executable cmTryCompileExec
/usr/bin/cmake -E cmake_link_script CMakeFiles/cmTryCompileExec.dir/link.txt --verbose=1
/usr/bin/c++      -DHAS_SSE_EXTENSIONS -msse    CMakeFiles/cmTryCompileExec.dir/src.cxx.o  -o cmTryCompileExec -rdynamic 
make[2]: Leaving directory `/home/ni/ros_overlays/zzz_packages/libsiftfast/libsiftfast_svn/build/CMakeFiles/CMakeTmp'
make[1]: Leaving directory `/home/ni/ros_overlays/zzz_packages/libsiftfast/libsiftfast_svn/build/CMakeFiles/CMakeTmp'

Return value: 1
Source file was:

    #include <xmmintrin.h>
    int main()
    {
        __m128 a, b;
        float vals[4] = {0};
        a = _mm_loadu_ps(vals);
        b = a;
        b = _mm_add_ps(a,b);
        _mm_storeu_ps(vals,b);
        return 0;
    }
Performing C++ SOURCE FILE Test HAVE_ALL_PYTHON_HEADERS succeded with the following output:
Change Dir: /home/ni/ros_overlays/zzz_packages/libsiftfast/libsiftfast_svn/build/CMakeFiles/CMakeTmp

Run Build Command:/usr/bin/make "cmTryCompileExec/fast"
make[1]: Entering directory `/home/ni/ros_overlays/zzz_packages/libsiftfast/libsiftfast_svn/build/CMakeFiles/CMakeTmp'
/usr/bin/make -f CMakeFiles/cmTryCompileExec.dir/build.make CMakeFiles/cmTryCompileExec.dir/build
make[2]: Entering directory `/home/ni/ros_overlays/zzz_packages/libsiftfast/libsiftfast_svn/build/CMakeFiles/CMakeTmp'
/usr/bin/cmake -E cmake_progress_report /home/ni/ros_overlays/zzz_packages/libsiftfast/libsiftfast_svn/build/CMakeFiles/CMakeTmp/CMakeFiles 1
Building CXX object CMakeFiles/cmTryCompileExec.dir/src.cxx.o
/usr/bin/c++    -DHAVE_ALL_PYTHON_HEADERS -I/usr/include/python2.7 -I/usr/lib/python2.7/dist-packages/numpy/core/include    -o CMakeFiles/cmTryCompileExec.dir/src.cxx.o -c /home/ni/ros_overlays/zzz_packages/libsiftfast/libsiftfast_svn/build/CMakeFiles/CMakeTmp/src.cxx
Linking CXX executable cmTryCompileExec
/usr/bin/cmake -E cmake_link_script CMakeFiles/cmTryCompileExec.dir/link.txt --verbose=1
/usr/bin/c++      -DHAVE_ALL_PYTHON_HEADERS    CMakeFiles/cmTryCompileExec.dir/src.cxx.o  -o cmTryCompileExec -rdynamic -lpython2.7 -lboost_python 
make[2]: Leaving directory `/home/ni/ros_overlays/zzz_packages/libsiftfast/libsiftfast_svn/build/CMakeFiles/CMakeTmp'
make[1]: Leaving directory `/home/ni/ros_overlays/zzz_packages/libsiftfast/libsiftfast_svn/build/CMakeFiles/CMakeTmp'

Return value: 1
Source file was:

    #include <Python.h>
    #include <boost/thread/thread.hpp>
    #include <boost/thread/mutex.hpp>
    #include <boost/thread/condition.hpp>
    #include <boost/shared_ptr.hpp>
    #define PY_ARRAY_UNIQUE_SYMBOL PyArrayHandle
    #include <boost/python.hpp>
    #include <pyconfig.h>
    #include <numpy/arrayobject.h>
    int main()
    {
      return 0;
    }
Performing C++ SOURCE FILE Test HAVE_OPENMP succeded with the following output:
Change Dir: /home/ni/ros_overlays/zzz_packages/libsiftfast/libsiftfast_svn/build/CMakeFiles/CMakeTmp

Run Build Command:/usr/bin/make "cmTryCompileExec/fast"
make[1]: Entering directory `/home/ni/ros_overlays/zzz_packages/libsiftfast/libsiftfast_svn/build/CMakeFiles/CMakeTmp'
/usr/bin/make -f CMakeFiles/cmTryCompileExec.dir/build.make CMakeFiles/cmTryCompileExec.dir/build
make[2]: Entering directory `/home/ni/ros_overlays/zzz_packages/libsiftfast/libsiftfast_svn/build/CMakeFiles/CMakeTmp'
/usr/bin/cmake -E cmake_progress_report /home/ni/ros_overlays/zzz_packages/libsiftfast/libsiftfast_svn/build/CMakeFiles/CMakeTmp/CMakeFiles 1
Building CXX object CMakeFiles/cmTryCompileExec.dir/src.cxx.o
/usr/bin/c++    -DHAVE_OPENMP -I/usr/include/python2.7 -I/usr/lib/python2.7/dist-packages/numpy/core/include    -fopenmp -o CMakeFiles/cmTryCompileExec.dir/src.cxx.o -c /home/ni/ros_overlays/zzz_packages/libsiftfast/libsiftfast_svn/build/CMakeFiles/CMakeTmp/src.cxx
Linking CXX executable cmTryCompileExec
/usr/bin/cmake -E cmake_link_script CMakeFiles/cmTryCompileExec.dir/link.txt --verbose=1
/usr/bin/c++      -DHAVE_OPENMP    CMakeFiles/cmTryCompileExec.dir/src.cxx.o  -o cmTryCompileExec -rdynamic -lpython2.7 -lboost_python 
make[2]: Leaving directory `/home/ni/ros_overlays/zzz_packages/libsiftfast/libsiftfast_svn/build/CMakeFiles/CMakeTmp'
make[1]: Leaving directory `/home/ni/ros_overlays/zzz_packages/libsiftfast/libsiftfast_svn/build/CMakeFiles/CMakeTmp'

Source file was:
int main() { return 0;}
Determining if the function omp_get_num_threads exists in the gomp passed with the following output:
Change Dir: /home/ni/ros_overlays/zzz_packages/libsiftfast/libsiftfast_svn/build/CMakeFiles/CMakeTmp

Run Build Command:/usr/bin/make "cmTryCompileExec/fast"
make[1]: Entering directory `/home/ni/ros_overlays/zzz_packages/libsiftfast/libsiftfast_svn/build/CMakeFiles/CMakeTmp'
/usr/bin/make -f CMakeFiles/cmTryCompileExec.dir/build.make CMakeFiles/cmTryCompileExec.dir/build
make[2]: Entering directory `/home/ni/ros_overlays/zzz_packages/libsiftfast/libsiftfast_svn/build/CMakeFiles/CMakeTmp'
/usr/bin/cmake -E cmake_progress_report /home/ni/ros_overlays/zzz_packages/libsiftfast/libsiftfast_svn/build/CMakeFiles/CMakeTmp/CMakeFiles 1
Building C object CMakeFiles/cmTryCompileExec.dir/CheckFunctionExists.c.o
/usr/bin/gcc   -DCHECK_FUNCTION_EXISTS=omp_get_num_threads   -o CMakeFiles/cmTryCompileExec.dir/CheckFunctionExists.c.o   -c /usr/share/cmake-2.8/Modules/CheckFunctionExists.c
Linking C executable cmTryCompileExec
/usr/bin/cmake -E cmake_link_script CMakeFiles/cmTryCompileExec.dir/link.txt --verbose=1
/usr/bin/gcc     -DCHECK_FUNCTION_EXISTS=omp_get_num_threads    CMakeFiles/cmTryCompileExec.dir/CheckFunctionExists.c.o  -o cmTryCompileExec -rdynamic -lgomp -lpython2.7 -lboost_python 
make[2]: Leaving directory `/home/ni/ros_overlays/zzz_packages/libsiftfast/libsiftfast_svn/build/CMakeFiles/CMakeTmp'
make[1]: Leaving directory `/home/ni/ros_overlays/zzz_packages/libsiftfast/libsiftfast_svn/build/CMakeFiles/CMakeTmp'


Determining if the function _init exists in the lapack passed with the following output:
Change Dir: /home/ni/ros_overlays/zzz_packages/libsiftfast/libsiftfast_svn/build/CMakeFiles/CMakeTmp

Run Build Command:/usr/bin/make "cmTryCompileExec/fast"
make[1]: Entering directory `/home/ni/ros_overlays/zzz_packages/libsiftfast/libsiftfast_svn/build/CMakeFiles/CMakeTmp'
/usr/bin/make -f CMakeFiles/cmTryCompileExec.dir/build.make CMakeFiles/cmTryCompileExec.dir/build
make[2]: Entering directory `/home/ni/ros_overlays/zzz_packages/libsiftfast/libsiftfast_svn/build/CMakeFiles/CMakeTmp'
/usr/bin/cmake -E cmake_progress_report /home/ni/ros_overlays/zzz_packages/libsiftfast/libsiftfast_svn/build/CMakeFiles/CMakeTmp/CMakeFiles 1
Building C object CMakeFiles/cmTryCompileExec.dir/CheckFunctionExists.c.o
/usr/bin/gcc   -DCHECK_FUNCTION_EXISTS=_init   -o CMakeFiles/cmTryCompileExec.dir/CheckFunctionExists.c.o   -c /usr/share/cmake-2.8/Modules/CheckFunctionExists.c
Linking C executable cmTryCompileExec
/usr/bin/cmake -E cmake_link_script CMakeFiles/cmTryCompileExec.dir/link.txt --verbose=1
/usr/bin/gcc     -DCHECK_FUNCTION_EXISTS=_init    CMakeFiles/cmTryCompileExec.dir/CheckFunctionExists.c.o  -o cmTryCompileExec -rdynamic -llapack -lpython2.7 -lboost_python 
make[2]: Leaving directory `/home/ni/ros_overlays/zzz_packages/libsiftfast/libsiftfast_svn/build/CMakeFiles/CMakeTmp'
make[1]: Leaving directory `/home/ni/ros_overlays/zzz_packages/libsiftfast/libsiftfast_svn/build/CMakeFiles/CMakeTmp'


